#
# There is insufficient memory for the Java Runtime Environment to continue.
# Native memory allocation (malloc) failed to allocate 1132976 bytes for Chunk::new
# Possible reasons:
#   The system is out of physical RAM or swap space
#   The process is running with CompressedOops enabled, and the Java Heap may be blocking the growth of the native heap
# Possible solutions:
#   Reduce memory load on the system
#   Increase physical memory or swap space
#   Check if swap backing store is full
#   Decrease Java heap size (-Xmx/-Xms)
#   Decrease number of Java threads
#   Decrease Java thread stack sizes (-Xss)
#   Set larger code cache with -XX:ReservedCodeCacheSize=
#   JVM is running with Unscaled Compressed Oops mode in which the Java heap is
#     placed in the first 4GB address space. The Java Heap base address is the
#     maximum limit for the native heap growth. Please use -XX:HeapBaseMinAddress
#     to set the Java Heap base and to place the Java Heap above 4GB virtual address.
# This output file may be truncated or incomplete.
#
#  Out of Memory Error (allocation.cpp:389), pid=2644, tid=0x0000000000007ca0
#
# JRE version: OpenJDK Runtime Environment (8.0_242-b01) (build 1.8.0_242-release-1644-b01)
# Java VM: OpenJDK 64-Bit Server VM (25.242-b01 mixed mode windows-amd64 compressed oops)
# Failed to write core dump. Minidumps are not enabled by default on client versions of Windows
#

---------------  T H R E A D  ---------------

Current thread (0x0000000019419000):  JavaThread "C2 CompilerThread1" daemon [_thread_in_native, id=31904, stack(0x0000000019de0000,0x0000000019ee0000)]

Stack: [0x0000000019de0000,0x0000000019ee0000]
[error occurred during error reporting (printing stack bounds), id 0xc0000005]

Native frames: (J=compiled Java code, j=interpreted, Vv=VM code, C=native code)


Current CompileTask:
C2:  17558 5458       4       java.net.URLClassLoader$1::run (5 bytes)


---------------  P R O C E S S  ---------------

Java Threads: ( => current thread )
  0x000000001c0ae000 JavaThread "Cache worker for file content cache (D:\Simeon\Fakultet\Godina 3\Semesta02\CS330\CS330Projekat\.gradle\6.5\fileContent)" [_thread_blocked, id=23732, stack(0x0000000029480000,0x0000000029580000)]
  0x000000001c0b1800 JavaThread "Memory manager" [_thread_blocked, id=23696, stack(0x000000002ba70000,0x000000002bb70000)]
  0x00000000210f5000 JavaThread "pool-1-thread-1" [_thread_blocked, id=31868, stack(0x0000000029380000,0x0000000029480000)]
  0x00000000210f6800 JavaThread "Cache worker for Build Output Cleanup Cache (D:\Simeon\Fakultet\Godina 3\Semesta02\CS330\CS330Projekat\.gradle\buildOutputCleanup)" [_thread_blocked, id=3088, stack(0x0000000029630000,0x0000000029730000)]
  0x00000000210f7800 JavaThread "jar transforms Thread 92" [_thread_blocked, id=23880, stack(0x0000000029080000,0x0000000029180000)]
  0x00000000210f3800 JavaThread "jar transforms Thread 91" [_thread_blocked, id=10804, stack(0x0000000028f80000,0x0000000029080000)]
  0x00000000210f4800 JavaThread "jar transforms Thread 90" [_thread_blocked, id=27484, stack(0x0000000028e80000,0x0000000028f80000)]
  0x00000000210f3000 JavaThread "jar transforms Thread 89" [_thread_blocked, id=25356, stack(0x0000000028d80000,0x0000000028e80000)]
  0x00000000210f6000 JavaThread "jar transforms Thread 88" [_thread_blocked, id=15760, stack(0x0000000028c80000,0x0000000028d80000)]
  0x00000000210eb800 JavaThread "jar transforms Thread 87" [_thread_blocked, id=17988, stack(0x0000000028b80000,0x0000000028c80000)]
  0x00000000210f2000 JavaThread "jar transforms Thread 86" [_thread_blocked, id=24076, stack(0x0000000028a80000,0x0000000028b80000)]
  0x00000000210f1800 JavaThread "jar transforms Thread 85" [_thread_blocked, id=18852, stack(0x0000000028980000,0x0000000028a80000)]
  0x00000000210ea000 JavaThread "jar transforms Thread 84" [_thread_blocked, id=20124, stack(0x0000000028880000,0x0000000028980000)]
  0x00000000210ea800 JavaThread "jar transforms Thread 83" [_thread_blocked, id=13024, stack(0x0000000028780000,0x0000000028880000)]
  0x00000000210ee800 JavaThread "jar transforms Thread 82" [_thread_blocked, id=11928, stack(0x0000000028680000,0x0000000028780000)]
  0x00000000210ed800 JavaThread "jar transforms Thread 81" [_thread_blocked, id=31908, stack(0x0000000028580000,0x0000000028680000)]
  0x00000000210f0800 JavaThread "jar transforms Thread 80" [_thread_blocked, id=14652, stack(0x0000000028480000,0x0000000028580000)]
  0x00000000210e9000 JavaThread "jar transforms Thread 79" [_thread_blocked, id=12760, stack(0x0000000028380000,0x0000000028480000)]
  0x00000000210ed000 JavaThread "jar transforms Thread 78" [_thread_blocked, id=25492, stack(0x0000000028280000,0x0000000028380000)]
  0x00000000210f0000 JavaThread "jar transforms Thread 77" [_thread_blocked, id=14844, stack(0x0000000028180000,0x0000000028280000)]
  0x00000000210ef000 JavaThread "jar transforms Thread 76" [_thread_blocked, id=3948, stack(0x0000000028080000,0x0000000028180000)]
  0x00000000210ec000 JavaThread "jar transforms Thread 75" [_thread_blocked, id=31360, stack(0x0000000027f80000,0x0000000028080000)]
  0x00000000210e8800 JavaThread "jar transforms Thread 74" [_thread_blocked, id=2944, stack(0x0000000027e80000,0x0000000027f80000)]
  0x000000001c456000 JavaThread "jar transforms Thread 73" [_thread_blocked, id=27512, stack(0x0000000027d80000,0x0000000027e80000)]
  0x000000001c455000 JavaThread "jar transforms Thread 72" [_thread_blocked, id=4128, stack(0x0000000027c80000,0x0000000027d80000)]
  0x000000001c453000 JavaThread "jar transforms Thread 71" [_thread_blocked, id=23024, stack(0x0000000027b80000,0x0000000027c80000)]
  0x000000001c454800 JavaThread "jar transforms Thread 70" [_thread_blocked, id=10464, stack(0x0000000027a80000,0x0000000027b80000)]
  0x000000001c453800 JavaThread "jar transforms Thread 69" [_thread_blocked, id=4316, stack(0x0000000027980000,0x0000000027a80000)]
  0x000000001c452000 JavaThread "jar transforms Thread 68" [_thread_blocked, id=22928, stack(0x0000000027880000,0x0000000027980000)]
  0x000000001c44a800 JavaThread "jar transforms Thread 67" [_thread_blocked, id=19612, stack(0x0000000027780000,0x0000000027880000)]
  0x000000001c450800 JavaThread "jar transforms Thread 66" [_thread_blocked, id=14660, stack(0x0000000027680000,0x0000000027780000)]
  0x000000001c451800 JavaThread "jar transforms Thread 65" [_thread_blocked, id=4112, stack(0x0000000027580000,0x0000000027680000)]
  0x000000001c450000 JavaThread "jar transforms Thread 64" [_thread_blocked, id=12940, stack(0x0000000027480000,0x0000000027580000)]
  0x000000001c44f000 JavaThread "jar transforms Thread 63" [_thread_blocked, id=25332, stack(0x0000000027380000,0x0000000027480000)]
  0x000000001c44e800 JavaThread "jar transforms Thread 62" [_thread_blocked, id=14808, stack(0x0000000027280000,0x0000000027380000)]
  0x000000001c447800 JavaThread "jar transforms Thread 61" [_thread_blocked, id=5324, stack(0x0000000027180000,0x0000000027280000)]
  0x000000001c447000 JavaThread "jar transforms Thread 60" [_thread_blocked, id=16760, stack(0x0000000027080000,0x0000000027180000)]
  0x000000001c44a000 JavaThread "jar transforms Thread 59" [_thread_blocked, id=23288, stack(0x0000000026f80000,0x0000000027080000)]
  0x000000001c44d800 JavaThread "jar transforms Thread 58" [_thread_blocked, id=26296, stack(0x0000000026e80000,0x0000000026f80000)]
  0x000000001c448800 JavaThread "jar transforms Thread 57" [_thread_blocked, id=31168, stack(0x0000000026d80000,0x0000000026e80000)]
  0x000000001c44c000 JavaThread "jar transforms Thread 56" [_thread_blocked, id=24508, stack(0x0000000026c80000,0x0000000026d80000)]
  0x000000001c44d000 JavaThread "jar transforms Thread 55" [_thread_blocked, id=8216, stack(0x0000000026b80000,0x0000000026c80000)]
  0x000000001c44b800 JavaThread "jar transforms Thread 54" [_thread_blocked, id=17632, stack(0x0000000026a80000,0x0000000026b80000)]
  0x000000001c449000 JavaThread "jar transforms Thread 53" [_thread_blocked, id=14956, stack(0x0000000026980000,0x0000000026a80000)]
  0x000000002121e000 JavaThread "jar transforms Thread 52" [_thread_blocked, id=13532, stack(0x0000000026880000,0x0000000026980000)]
  0x000000002121f800 JavaThread "jar transforms Thread 51" [_thread_blocked, id=21052, stack(0x0000000026780000,0x0000000026880000)]
  0x000000002121d800 JavaThread "jar transforms Thread 50" [_thread_blocked, id=26020, stack(0x0000000026680000,0x0000000026780000)]
  0x000000002121c800 JavaThread "jar transforms Thread 49" [_thread_blocked, id=13568, stack(0x0000000026580000,0x0000000026680000)]
  0x000000002121c000 JavaThread "jar transforms Thread 48" [_thread_blocked, id=23504, stack(0x0000000026480000,0x0000000026580000)]
  0x000000002121f000 JavaThread "jar transforms Thread 47" [_thread_blocked, id=17352, stack(0x0000000026380000,0x0000000026480000)]
  0x000000002121a800 JavaThread "jar transforms Thread 46" [_thread_blocked, id=24048, stack(0x0000000026280000,0x0000000026380000)]
  0x0000000021219800 JavaThread "jar transforms Thread 45" [_thread_blocked, id=27192, stack(0x0000000026180000,0x0000000026280000)]
  0x000000002121b000 JavaThread "jar transforms Thread 44" [_thread_blocked, id=20332, stack(0x0000000026080000,0x0000000026180000)]
  0x0000000021212000 JavaThread "jar transforms Thread 43" [_thread_blocked, id=12680, stack(0x0000000025f80000,0x0000000026080000)]
  0x0000000021216800 JavaThread "jar transforms Thread 42" [_thread_blocked, id=25636, stack(0x0000000025e80000,0x0000000025f80000)]
  0x0000000021219000 JavaThread "jar transforms Thread 41" [_thread_blocked, id=29560, stack(0x0000000025d80000,0x0000000025e80000)]
  0x0000000021216000 JavaThread "jar transforms Thread 40" [_thread_blocked, id=6612, stack(0x0000000025c80000,0x0000000025d80000)]
  0x0000000021215000 JavaThread "jar transforms Thread 39" [_thread_blocked, id=24192, stack(0x0000000025b80000,0x0000000025c80000)]
  0x0000000021218000 JavaThread "jar transforms Thread 38" [_thread_blocked, id=27760, stack(0x0000000025a80000,0x0000000025b80000)]
  0x0000000021213000 JavaThread "jar transforms Thread 37" [_thread_blocked, id=18548, stack(0x0000000025980000,0x0000000025a80000)]
  0x0000000021214800 JavaThread "jar transforms Thread 36" [_thread_blocked, id=24100, stack(0x0000000025880000,0x0000000025980000)]
  0x0000000021210800 JavaThread "jar transforms Thread 35" [_thread_blocked, id=8264, stack(0x0000000025780000,0x0000000025880000)]
  0x0000000021217800 JavaThread "jar transforms Thread 34" [_thread_blocked, id=19832, stack(0x0000000025680000,0x0000000025780000)]
  0x0000000021211800 JavaThread "jar transforms Thread 33" [_thread_blocked, id=6180, stack(0x0000000025580000,0x0000000025680000)]
  0x0000000021213800 JavaThread "jar transforms Thread 32" [_thread_blocked, id=17552, stack(0x0000000025480000,0x0000000025580000)]
  0x000000001c5be000 JavaThread "jar transforms Thread 31" [_thread_blocked, id=4296, stack(0x0000000025380000,0x0000000025480000)]
  0x000000001c5bd800 JavaThread "jar transforms Thread 30" [_thread_blocked, id=20220, stack(0x0000000025280000,0x0000000025380000)]
  0x000000001c5c2800 JavaThread "jar transforms Thread 29" [_thread_blocked, id=20868, stack(0x0000000025180000,0x0000000025280000)]
  0x000000001c5c2000 JavaThread "jar transforms Thread 28" [_thread_blocked, id=15624, stack(0x0000000025080000,0x0000000025180000)]
  0x000000001c5c1000 JavaThread "jar transforms Thread 27" [_thread_blocked, id=12684, stack(0x0000000024f80000,0x0000000025080000)]
  0x000000001c5c0800 JavaThread "jar transforms Thread 26" [_thread_blocked, id=28112, stack(0x0000000024e80000,0x0000000024f80000)]
  0x000000001c5bf800 JavaThread "jar transforms Thread 25" [_thread_blocked, id=25752, stack(0x0000000024d80000,0x0000000024e80000)]
  0x000000001c5bf000 JavaThread "jar transforms Thread 24" [_thread_blocked, id=30304, stack(0x0000000024c80000,0x0000000024d80000)]
  0x000000001c5b6800 JavaThread "jar transforms Thread 23" [_thread_blocked, id=28132, stack(0x0000000024b80000,0x0000000024c80000)]
  0x000000001c5bc800 JavaThread "jar transforms Thread 22" [_thread_blocked, id=24976, stack(0x0000000024a80000,0x0000000024b80000)]
  0x000000001c5b7800 JavaThread "jar transforms Thread 21" [_thread_blocked, id=13360, stack(0x0000000024980000,0x0000000024a80000)]
  0x000000001c5b6000 JavaThread "jar transforms Thread 20" [_thread_blocked, id=28952, stack(0x0000000024880000,0x0000000024980000)]
  0x000000001c5b5000 JavaThread "jar transforms Thread 19" [_thread_blocked, id=9496, stack(0x0000000024780000,0x0000000024880000)]
  0x000000001c5bc000 JavaThread "jar transforms Thread 18" [_thread_blocked, id=10936, stack(0x0000000024680000,0x0000000024780000)]
  0x000000001c5bb000 JavaThread "jar transforms Thread 17" [_thread_blocked, id=8836, stack(0x0000000024580000,0x0000000024680000)]
  0x000000001c5ba800 JavaThread "jar transforms Thread 16" [_thread_blocked, id=4376, stack(0x0000000024480000,0x0000000024580000)]
  0x000000001c5b8000 JavaThread "jar transforms Thread 15" [_thread_blocked, id=27284, stack(0x0000000024380000,0x0000000024480000)]
  0x000000001c5b3800 JavaThread "jar transforms Thread 14" [_thread_blocked, id=21996, stack(0x0000000024280000,0x0000000024380000)]
  0x000000001c5b9000 JavaThread "jar transforms Thread 13" [_thread_blocked, id=9492, stack(0x0000000024180000,0x0000000024280000)]
  0x000000001c5b9800 JavaThread "jar transforms Thread 12" [_thread_blocked, id=22488, stack(0x0000000024080000,0x0000000024180000)]
  0x000000001c5b4800 JavaThread "jar transforms Thread 11" [_thread_blocked, id=11476, stack(0x0000000023f80000,0x0000000024080000)]
  0x0000000020cc4800 JavaThread "jar transforms Thread 10" [_thread_blocked, id=22156, stack(0x0000000023e80000,0x0000000023f80000)]
  0x0000000020cc1000 JavaThread "jar transforms Thread 9" [_thread_blocked, id=2492, stack(0x0000000023d80000,0x0000000023e80000)]
  0x0000000020cc7800 JavaThread "jar transforms Thread 8" [_thread_blocked, id=1692, stack(0x0000000023c80000,0x0000000023d80000)]
  0x0000000020cc6000 JavaThread "jar transforms Thread 7" [_thread_blocked, id=16924, stack(0x0000000023b80000,0x0000000023c80000)]
  0x0000000020cc4000 JavaThread "jar transforms Thread 6" [_thread_blocked, id=15504, stack(0x0000000023a80000,0x0000000023b80000)]
  0x0000000020cc0000 JavaThread "jar transforms Thread 5" [_thread_blocked, id=31460, stack(0x0000000023980000,0x0000000023a80000)]
  0x0000000020cc5800 JavaThread "jar transforms Thread 4" [_thread_blocked, id=14260, stack(0x0000000023880000,0x0000000023980000)]
  0x0000000020cc3000 JavaThread "jar transforms Thread 3" [_thread_blocked, id=18336, stack(0x0000000023780000,0x0000000023880000)]
  0x0000000020cc2800 JavaThread "jar transforms Thread 2" [_thread_blocked, id=9416, stack(0x0000000023680000,0x0000000023780000)]
  0x0000000020cc1800 JavaThread "Build operations Thread 8" [_thread_blocked, id=6380, stack(0x0000000023580000,0x0000000023680000)]
  0x0000000020cc7000 JavaThread "Build operations Thread 7" [_thread_blocked, id=2660, stack(0x0000000023480000,0x0000000023580000)]
  0x0000000020cb8800 JavaThread "Build operations Thread 6" [_thread_blocked, id=26016, stack(0x0000000023380000,0x0000000023480000)]
  0x0000000020cbf800 JavaThread "Build operations Thread 5" [_thread_blocked, id=22744, stack(0x0000000023280000,0x0000000023380000)]
  0x0000000020cbb000 JavaThread "Build operations Thread 4" [_thread_blocked, id=24588, stack(0x0000000023180000,0x0000000023280000)]
  0x0000000020cbc800 JavaThread "Build operations Thread 3" [_thread_blocked, id=12584, stack(0x0000000023080000,0x0000000023180000)]
  0x0000000020cbe800 JavaThread "Build operations Thread 2" [_thread_blocked, id=30468, stack(0x0000000022f80000,0x0000000023080000)]
  0x0000000020cbe000 JavaThread "Build operations" [_thread_blocked, id=9440, stack(0x0000000022e80000,0x0000000022f80000)]
  0x000000001bdb0800 JavaThread "Cache worker for file content cache (C:\Users\korisnik\.gradle\caches\6.5\fileContent)" [_thread_blocked, id=18612, stack(0x0000000022780000,0x0000000022880000)]
  0x000000001bdaf000 JavaThread "jar transforms" [_thread_blocked, id=27268, stack(0x0000000022680000,0x0000000022780000)]
  0x000000001bdaa000 JavaThread "Cache worker for execution history cache (C:\Users\korisnik\.gradle\caches\6.5\executionHistory)" [_thread_blocked, id=2404, stack(0x0000000021f80000,0x0000000022080000)]
  0x000000001bdae800 JavaThread "Cache worker for cache directory md-rule (C:\Users\korisnik\.gradle\caches\6.5\md-rule)" [_thread_blocked, id=30328, stack(0x0000000021e80000,0x0000000021f80000)]
  0x000000001bdad000 JavaThread "Cache worker for cache directory md-supplier (C:\Users\korisnik\.gradle\caches\6.5\md-supplier)" [_thread_blocked, id=31340, stack(0x0000000021bf0000,0x0000000021cf0000)]
  0x000000001bdb0000 JavaThread "Cache worker for checksums cache (D:\Simeon\Fakultet\Godina 3\Semesta02\CS330\CS330Projekat\.gradle\checksums)" [_thread_blocked, id=27496, stack(0x0000000021af0000,0x0000000021bf0000)]
  0x000000001bdad800 JavaThread "Cache worker for file hash cache (D:\Simeon\Fakultet\Godina 3\Semesta02\CS330\CS330Projekat\.gradle\6.5\fileHashes)" [_thread_blocked, id=25532, stack(0x0000000021d80000,0x0000000021e80000)]
  0x000000001bdac000 JavaThread "Cache worker for file hash cache (C:\Users\korisnik\.gradle\caches\6.5\fileHashes)" [_thread_blocked, id=21868, stack(0x000000001e400000,0x000000001e500000)]
  0x000000001bdab800 JavaThread "File lock request listener" [_thread_in_native, id=5820, stack(0x000000001e300000,0x000000001e400000)]
  0x000000001a592800 JavaThread "Cache worker for journal cache (C:\Users\korisnik\.gradle\caches\journal-1)" [_thread_blocked, id=12652, stack(0x000000001e200000,0x000000001e300000)]
  0x000000001b600000 JavaThread "Thread-9" [_thread_blocked, id=13268, stack(0x000000001df00000,0x000000001e000000)]
  0x000000001bd62800 JavaThread "Stdin handler" [_thread_blocked, id=3780, stack(0x000000001de00000,0x000000001df00000)]
  0x000000001bd62000 JavaThread "Asynchronous log dispatcher for DefaultDaemonConnection: socket connection from /127.0.0.1:51400 to /127.0.0.1:51401" [_thread_blocked, id=22460, stack(0x000000001dd00000,0x000000001de00000)]
  0x000000001bd5f000 JavaThread "Daemon worker" [_thread_in_vm, id=3944, stack(0x000000001dc00000,0x000000001dd00000)]
  0x000000001bd5e000 JavaThread "Cancel handler" [_thread_blocked, id=6032, stack(0x000000001da00000,0x000000001db00000)]
  0x000000001bd39000 JavaThread "Handler for socket connection from /127.0.0.1:51400 to /127.0.0.1:51401" [_thread_in_native, id=25124, stack(0x000000001d900000,0x000000001da00000)]
  0x000000001bd34000 JavaThread "Daemon" [_thread_blocked, id=2028, stack(0x000000001d800000,0x000000001d900000)]
  0x000000001bd26800 JavaThread "Daemon periodic checks" [_thread_blocked, id=28412, stack(0x000000001d500000,0x000000001d600000)]
  0x000000001bc78000 JavaThread "Incoming local TCP Connector on port 51400" [_thread_in_native, id=6372, stack(0x000000001d2c0000,0x000000001d3c0000)]
  0x000000001bbdd800 JavaThread "Daemon health stats" [_thread_blocked, id=28868, stack(0x000000001cc80000,0x000000001cd80000)]
  0x00000000194b6000 JavaThread "Service Thread" daemon [_thread_blocked, id=27380, stack(0x000000001a0e0000,0x000000001a1e0000)]
  0x0000000019470000 JavaThread "C1 CompilerThread3" daemon [_thread_in_native, id=25692, stack(0x0000000019fe0000,0x000000001a0e0000)]
  0x000000001941e800 JavaThread "C2 CompilerThread2" daemon [_thread_in_native, id=6284, stack(0x0000000019ee0000,0x0000000019fe0000)]
=>0x0000000019419000 JavaThread "C2 CompilerThread1" daemon [_thread_in_native, id=31904, stack(0x0000000019de0000,0x0000000019ee0000)]
  0x0000000019417000 JavaThread "C2 CompilerThread0" daemon [_thread_in_native, id=8452, stack(0x0000000019ce0000,0x0000000019de0000)]
  0x0000000019414000 JavaThread "Attach Listener" daemon [_thread_blocked, id=13344, stack(0x0000000019be0000,0x0000000019ce0000)]
  0x0000000019413000 JavaThread "Signal Dispatcher" daemon [_thread_blocked, id=25036, stack(0x0000000019ae0000,0x0000000019be0000)]
  0x0000000019400800 JavaThread "Finalizer" daemon [_thread_blocked, id=17020, stack(0x00000000198e0000,0x00000000199e0000)]
  0x00000000025a8000 JavaThread "Reference Handler" daemon [_thread_blocked, id=10404, stack(0x00000000197e0000,0x00000000198e0000)]
  0x00000000024b2800 JavaThread "main" [_thread_blocked, id=30492, stack(0x00000000023b0000,0x00000000024b0000)]

Other Threads:
  0x0000000017616800 VMThread [stack: 0x00000000192e0000,0x00000000193e0000] [id=16508]
  0x00000000194b7000 WatcherThread [stack: 0x000000001a1e0000,0x000000001a2e0000] [id=19816]

VM state:not at safepoint (normal execution)

VM Mutex/Monitor currently owned by a thread: None

heap address: 0x0000000080000000, size: 2048 MB, Compressed Oops mode: 32-bit
Narrow klass base: 0x0000000000000000, Narrow klass shift: 3
Compressed class space size: 1073741824 Address: 0x0000000100000000

Heap:
 PSYoungGen      total 202240K, used 41229K [0x00000000d5580000, 0x00000000e6080000, 0x0000000100000000)
  eden space 181760K, 22% used [0x00000000d5580000,0x00000000d7dc34a0,0x00000000e0700000)
  from space 20480K, 0% used [0x00000000e4c80000,0x00000000e4c80000,0x00000000e6080000)
  to   space 13312K, 0% used [0x00000000e0700000,0x00000000e0700000,0x00000000e1400000)
 ParOldGen       total 70656K, used 30192K [0x0000000080000000, 0x0000000084500000, 0x00000000d5580000)
  object space 70656K, 42% used [0x0000000080000000,0x0000000081d7c148,0x0000000084500000)
 Metaspace       used 59400K, capacity 61758K, committed 61976K, reserved 1101824K
  class space    used 8211K, capacity 8708K, committed 8744K, reserved 1048576K

Card table byte_map: [0x0000000011970000,0x0000000011d80000] byte_map_base: 0x0000000011570000

Marking Bits: (ParMarkBitMap*) 0x000000005610f030
 Begin Bits: [0x0000000012830000, 0x0000000014830000)
 End Bits:   [0x0000000014830000, 0x0000000016830000)

Polling page: 0x0000000000be0000

CodeCache: size=245760Kb used=17258Kb max_used=17281Kb free=228501Kb
 bounds [0x00000000025b0000, 0x00000000036a0000, 0x00000000115b0000]
 total_blobs=5778 nmethods=5002 adapters=688
 compilation: enabled

Compilation events (10 events):
Event: 17.553 Thread 0x0000000019470000 5485       3       com.sun.xml.bind.v2.model.impl.RuntimeClassInfoImpl$RuntimePropertySeed::readAnnotation (11 bytes)
Event: 17.553 Thread 0x0000000019470000 nmethod 5485 0x000000000368f850 code [0x000000000368f9c0, 0x000000000368fbe8]
Event: 17.553 Thread 0x0000000019470000 5486       3       com.sun.xml.bind.v2.model.impl.FieldPropertySeed::readAnnotation (19 bytes)
Event: 17.553 Thread 0x0000000019470000 nmethod 5486 0x000000000368f250 code [0x000000000368f3c0, 0x000000000368f6e8]
Event: 17.553 Thread 0x0000000019470000 5487       1       java.util.Collections$EmptyMap::containsKey (2 bytes)
Event: 17.553 Thread 0x0000000019470000 nmethod 5487 0x000000000368ef90 code [0x000000000368f0e0, 0x000000000368f1f0]
Event: 17.553 Thread 0x0000000019470000 5488       3       java.util.LinkedHashMap::afterNodeRemoval (65 bytes)
Event: 17.553 Thread 0x0000000019470000 nmethod 5488 0x000000000368e950 code [0x000000000368eac0, 0x000000000368ee50]
Event: 17.553 Thread 0x0000000019470000 5489       1       com.sun.xml.bind.v2.model.impl.PropertyInfoImpl::isCollection (5 bytes)
Event: 17.553 Thread 0x0000000019470000 nmethod 5489 0x000000000368e690 code [0x000000000368e7e0, 0x000000000368e8f0]

GC Heap History (10 events):
Event: 9.208 GC heap before
{Heap before GC invocations=11 (full 2):
 PSYoungGen      total 138752K, used 10886K [0x00000000d5580000, 0x00000000e2380000, 0x0000000100000000)
  eden space 126976K, 0% used [0x00000000d5580000,0x00000000d5580000,0x00000000dd180000)
  from space 11776K, 92% used [0x00000000dd180000,0x00000000ddc21b30,0x00000000ddd00000)
  to   space 12800K, 0% used [0x00000000e1700000,0x00000000e1700000,0x00000000e2380000)
 ParOldGen       total 47616K, used 6712K [0x0000000080000000, 0x0000000082e80000, 0x00000000d5580000)
  object space 47616K, 14% used [0x0000000080000000,0x000000008068e2b8,0x0000000082e80000)
 Metaspace       used 34250K, capacity 35340K, committed 35496K, reserved 1079296K
  class space    used 4679K, capacity 4937K, committed 5032K, reserved 1048576K
Event: 9.306 GC heap after
Heap after GC invocations=11 (full 2):
 PSYoungGen      total 138752K, used 0K [0x00000000d5580000, 0x00000000e2380000, 0x0000000100000000)
  eden space 126976K, 0% used [0x00000000d5580000,0x00000000d5580000,0x00000000dd180000)
  from space 11776K, 0% used [0x00000000dd180000,0x00000000dd180000,0x00000000ddd00000)
  to   space 12800K, 0% used [0x00000000e1700000,0x00000000e1700000,0x00000000e2380000)
 ParOldGen       total 70656K, used 17085K [0x0000000080000000, 0x0000000084500000, 0x00000000d5580000)
  object space 70656K, 24% used [0x0000000080000000,0x00000000810af5e0,0x0000000084500000)
 Metaspace       used 34250K, capacity 35340K, committed 35496K, reserved 1079296K
  class space    used 4679K, capacity 4937K, committed 5032K, reserved 1048576K
}
Event: 11.291 GC heap before
{Heap before GC invocations=12 (full 2):
 PSYoungGen      total 138752K, used 126976K [0x00000000d5580000, 0x00000000e2380000, 0x0000000100000000)
  eden space 126976K, 100% used [0x00000000d5580000,0x00000000dd180000,0x00000000dd180000)
  from space 11776K, 0% used [0x00000000dd180000,0x00000000dd180000,0x00000000ddd00000)
  to   space 12800K, 0% used [0x00000000e1700000,0x00000000e1700000,0x00000000e2380000)
 ParOldGen       total 70656K, used 17085K [0x0000000080000000, 0x0000000084500000, 0x00000000d5580000)
  object space 70656K, 24% used [0x0000000080000000,0x00000000810af5e0,0x0000000084500000)
 Metaspace       used 39425K, capacity 41166K, committed 41384K, reserved 1085440K
  class space    used 5412K, capacity 5743K, committed 5800K, reserved 1048576K
Event: 11.306 GC heap after
Heap after GC invocations=12 (full 2):
 PSYoungGen      total 183808K, used 10115K [0x00000000d5580000, 0x00000000e2100000, 0x0000000100000000)
  eden space 173568K, 0% used [0x00000000d5580000,0x00000000d5580000,0x00000000dff00000)
  from space 10240K, 98% used [0x00000000e1700000,0x00000000e20e0ef8,0x00000000e2100000)
  to   space 13312K, 0% used [0x00000000e0700000,0x00000000e0700000,0x00000000e1400000)
 ParOldGen       total 70656K, used 17093K [0x0000000080000000, 0x0000000084500000, 0x00000000d5580000)
  object space 70656K, 24% used [0x0000000080000000,0x00000000810b15e0,0x0000000084500000)
 Metaspace       used 39425K, capacity 41166K, committed 41384K, reserved 1085440K
  class space    used 5412K, capacity 5743K, committed 5800K, reserved 1048576K
}
Event: 15.598 GC heap before
{Heap before GC invocations=13 (full 2):
 PSYoungGen      total 183808K, used 183683K [0x00000000d5580000, 0x00000000e2100000, 0x0000000100000000)
  eden space 173568K, 100% used [0x00000000d5580000,0x00000000dff00000,0x00000000dff00000)
  from space 10240K, 98% used [0x00000000e1700000,0x00000000e20e0ef8,0x00000000e2100000)
  to   space 13312K, 0% used [0x00000000e0700000,0x00000000e0700000,0x00000000e1400000)
 ParOldGen       total 70656K, used 17093K [0x0000000080000000, 0x0000000084500000, 0x00000000d5580000)
  object space 70656K, 24% used [0x0000000080000000,0x00000000810b15e0,0x0000000084500000)
 Metaspace       used 55603K, capacity 57860K, committed 58024K, reserved 1099776K
  class space    used 7550K, capacity 8009K, committed 8104K, reserved 1048576K
Event: 15.639 GC heap after
Heap after GC invocations=13 (full 2):
 PSYoungGen      total 195072K, used 13288K [0x00000000d5580000, 0x00000000e6080000, 0x0000000100000000)
  eden space 181760K, 0% used [0x00000000d5580000,0x00000000d5580000,0x00000000e0700000)
  from space 13312K, 99% used [0x00000000e0700000,0x00000000e13fa088,0x00000000e1400000)
  to   space 20480K, 0% used [0x00000000e4c80000,0x00000000e4c80000,0x00000000e6080000)
 ParOldGen       total 70656K, used 31100K [0x0000000080000000, 0x0000000084500000, 0x00000000d5580000)
  object space 70656K, 44% used [0x0000000080000000,0x0000000081e5f3b0,0x0000000084500000)
 Metaspace       used 55603K, capacity 57860K, committed 58024K, reserved 1099776K
  class space    used 7550K, capacity 8009K, committed 8104K, reserved 1048576K
}
Event: 16.099 GC heap before
{Heap before GC invocations=14 (full 2):
 PSYoungGen      total 195072K, used 32179K [0x00000000d5580000, 0x00000000e6080000, 0x0000000100000000)
  eden space 181760K, 10% used [0x00000000d5580000,0x00000000d67f2c28,0x00000000e0700000)
  from space 13312K, 99% used [0x00000000e0700000,0x00000000e13fa088,0x00000000e1400000)
  to   space 20480K, 0% used [0x00000000e4c80000,0x00000000e4c80000,0x00000000e6080000)
 ParOldGen       total 70656K, used 31100K [0x0000000080000000, 0x0000000084500000, 0x00000000d5580000)
  object space 70656K, 44% used [0x0000000080000000,0x0000000081e5f3b0,0x0000000084500000)
 Metaspace       used 56760K, capacity 59094K, committed 59160K, reserved 1099776K
  class space    used 7750K, capacity 8228K, committed 8232K, reserved 1048576K
Event: 16.121 GC heap after
Heap after GC invocations=14 (full 2):
 PSYoungGen      total 202240K, used 1728K [0x00000000d5580000, 0x00000000e6080000, 0x0000000100000000)
  eden space 181760K, 0% used [0x00000000d5580000,0x00000000d5580000,0x00000000e0700000)
  from space 20480K, 8% used [0x00000000e4c80000,0x00000000e4e30000,0x00000000e6080000)
  to   space 13312K, 0% used [0x00000000e0700000,0x00000000e0700000,0x00000000e1400000)
 ParOldGen       total 70656K, used 41979K [0x0000000080000000, 0x0000000084500000, 0x00000000d5580000)
  object space 70656K, 59% used [0x0000000080000000,0x00000000828fef48,0x0000000084500000)
 Metaspace       used 56760K, capacity 59094K, committed 59160K, reserved 1099776K
  class space    used 7750K, capacity 8228K, committed 8232K, reserved 1048576K
}
Event: 16.121 GC heap before
{Heap before GC invocations=15 (full 3):
 PSYoungGen      total 202240K, used 1728K [0x00000000d5580000, 0x00000000e6080000, 0x0000000100000000)
  eden space 181760K, 0% used [0x00000000d5580000,0x00000000d5580000,0x00000000e0700000)
  from space 20480K, 8% used [0x00000000e4c80000,0x00000000e4e30000,0x00000000e6080000)
  to   space 13312K, 0% used [0x00000000e0700000,0x00000000e0700000,0x00000000e1400000)
 ParOldGen       total 70656K, used 41979K [0x0000000080000000, 0x0000000084500000, 0x00000000d5580000)
  object space 70656K, 59% used [0x0000000080000000,0x00000000828fef48,0x0000000084500000)
 Metaspace       used 56760K, capacity 59094K, committed 59160K, reserved 1099776K
  class space    used 7750K, capacity 8228K, committed 8232K, reserved 1048576K
Event: 16.445 GC heap after
Heap after GC invocations=15 (full 3):
 PSYoungGen      total 202240K, used 0K [0x00000000d5580000, 0x00000000e6080000, 0x0000000100000000)
  eden space 181760K, 0% used [0x00000000d5580000,0x00000000d5580000,0x00000000e0700000)
  from space 20480K, 0% used [0x00000000e4c80000,0x00000000e4c80000,0x00000000e6080000)
  to   space 13312K, 0% used [0x00000000e0700000,0x00000000e0700000,0x00000000e1400000)
 ParOldGen       total 70656K, used 30192K [0x0000000080000000, 0x0000000084500000, 0x00000000d5580000)
  object space 70656K, 42% used [0x0000000080000000,0x0000000081d7c148,0x0000000084500000)
 Metaspace       used 56749K, capacity 59058K, committed 59160K, reserved 1099776K
  class space    used 7747K, capacity 8222K, committed 8232K, reserved 1048576K
}

Deoptimization events (10 events):
Event: 15.770 Thread 0x000000001bd5f000 Uncommon trap: reason=unstable_if action=reinterpret pc=0x0000000002b3bddc method=java.io.WinNTFileSystem.normalize(Ljava/lang/String;II)Ljava/lang/String; @ 103
Event: 16.501 Thread 0x000000001bd5f000 Uncommon trap: reason=unstable_if action=reinterpret pc=0x0000000002837a70 method=java.io.WinNTFileSystem.normalize(Ljava/lang/String;II)Ljava/lang/String; @ 90
Event: 16.586 Thread 0x000000001bd5f000 Uncommon trap: reason=unstable_if action=reinterpret pc=0x00000000034208a8 method=java.lang.String.lastIndexOf([CII[CIII)I @ 118
Event: 16.602 Thread 0x000000001bd5f000 Uncommon trap: reason=unstable_if action=reinterpret pc=0x0000000002973c34 method=java.lang.String.lastIndexOf([CII[CIII)I @ 118
Event: 16.630 Thread 0x000000001bd5f000 Uncommon trap: reason=unstable_if action=reinterpret pc=0x00000000027b42ac method=java.util.HashMap.putVal(ILjava/lang/Object;Ljava/lang/Object;ZZ)Ljava/lang/Object; @ 109
Event: 16.630 Thread 0x000000001bd5f000 Uncommon trap: reason=unstable_if action=reinterpret pc=0x0000000003300494 method=java.util.HashMap.putVal(ILjava/lang/Object;Ljava/lang/Object;ZZ)Ljava/lang/Object; @ 109
Event: 16.942 Thread 0x000000001bd5f000 Uncommon trap: reason=bimorphic action=maybe_recompile pc=0x0000000003370c4c method=java.util.regex.Pattern$5.isSatisfiedBy(I)Z @ 16
Event: 16.942 Thread 0x000000001bd5f000 Uncommon trap: reason=bimorphic action=maybe_recompile pc=0x0000000003370c4c method=java.util.regex.Pattern$5.isSatisfiedBy(I)Z @ 16
Event: 16.942 Thread 0x000000001bd5f000 Uncommon trap: reason=bimorphic action=maybe_recompile pc=0x0000000003370c4c method=java.util.regex.Pattern$5.isSatisfiedBy(I)Z @ 16
Event: 16.942 Thread 0x000000001bd5f000 Uncommon trap: reason=bimorphic action=maybe_recompile pc=0x0000000003370c4c method=java.util.regex.Pattern$5.isSatisfiedBy(I)Z @ 16

Classes redefined (0 events):
No events

Internal exceptions (10 events):
Event: 15.542 Thread 0x000000001bd5f000 Exception <a 'java/lang/ClassNotFoundException': com/android/build/gradle/internal/api/ApkVariantOutputImpl_DecoratedBeanInfo> (0x00000000df9ca3e0) thrown at [C:\src\AOSP-openjdk-git\hotspot\src\share\vm\classfile\systemDictionary.cpp, line 210]
Event: 15.542 Thread 0x000000001bd5f000 Exception <a 'java/lang/ClassNotFoundException': com/android/build/gradle/internal/api/ApkVariantOutputImplBeanInfo> (0x00000000df9e7680) thrown at [C:\src\AOSP-openjdk-git\hotspot\src\share\vm\classfile\systemDictionary.cpp, line 210]
Event: 15.543 Thread 0x000000001bd5f000 Exception <a 'java/lang/ClassNotFoundException': com/android/build/gradle/internal/api/BaseVariantOutputImplBeanInfo> (0x00000000dfa05ab8) thrown at [C:\src\AOSP-openjdk-git\hotspot\src\share\vm\classfile\systemDictionary.cpp, line 210]
Event: 15.544 Thread 0x000000001bd5f000 Exception <a 'java/lang/ClassNotFoundException': com/android/build/gradle/internal/api/BaseVariantOutputImplCustomizer> (0x00000000dfa24450) thrown at [C:\src\AOSP-openjdk-git\hotspot\src\share\vm\classfile\systemDictionary.cpp, line 210]
Event: 15.545 Thread 0x000000001bd5f000 Exception <a 'java/lang/ClassNotFoundException': com/android/build/gradle/internal/api/ApkVariantOutputImplCustomizer> (0x00000000dfa5cc18) thrown at [C:\src\AOSP-openjdk-git\hotspot\src\share\vm\classfile\systemDictionary.cpp, line 210]
Event: 15.547 Thread 0x000000001bd5f000 Exception <a 'java/lang/ClassNotFoundException': com/android/build/gradle/internal/api/ApkVariantOutputImpl_DecoratedCustomizer> (0x00000000dfa909b8) thrown at [C:\src\AOSP-openjdk-git\hotspot\src\share\vm\classfile\systemDictionary.cpp, line 210]
Event: 15.779 Thread 0x000000001bd5f000 Exception <a 'java/lang/NoSuchMethodError': java.lang.Object.lambda$static$0(Lorg/gradle/api/internal/tasks/TaskDependencyResolveContext;)V> (0x00000000d5c625c0) thrown at [C:\src\AOSP-openjdk-git\hotspot\src\share\vm\interpreter\linkResolver.cpp, line 62
Event: 16.903 Thread 0x000000001bd5f000 Exception <a 'sun/nio/fs/WindowsException'> (0x00000000d673fbe0) thrown at [C:\src\AOSP-openjdk-git\hotspot\src\share\vm\prims\jni.cpp, line 710]
Event: 17.055 Thread 0x000000001bd5f000 Exception <a 'java/lang/ClassNotFoundException': com/sun/org/glassfish/hk2/osgiresourcelocator/ServiceLoader> (0x00000000d6ef1248) thrown at [C:\src\AOSP-openjdk-git\hotspot\src\share\vm\classfile\systemDictionary.cpp, line 210]
Event: 17.182 Thread 0x000000001bd5f000 Exception <a 'java/lang/NullPointerException'> (0x00000000d7379858) thrown at [C:\src\AOSP-openjdk-git\hotspot\src\share\vm\interpreter\linkResolver.cpp, line 1287]

Events (10 events):
Event: 17.507 loading class javax/xml/bind/annotation/XmlAccessOrder
Event: 17.507 loading class javax/xml/bind/annotation/XmlAccessOrder done
Event: 17.527 loading class com/android/repository/impl/meta/Archive$HostConfig
Event: 17.527 loading class com/android/repository/impl/meta/Archive$HostConfig done
Event: 17.553 loading class com/sun/xml/bind/api/impl/NameConverter
Event: 17.553 loading class com/sun/xml/bind/api/impl/NameConverter done
Event: 17.554 loading class com/sun/xml/bind/api/impl/NameConverter$Standard
Event: 17.554 loading class com/sun/xml/bind/api/impl/NameConverter$Standard done
Event: 17.555 loading class com/sun/xml/bind/api/impl/NameUtil
Event: 17.555 loading class com/sun/xml/bind/api/impl/NameUtil done


Dynamic libraries:
0x00007ff6adc70000 - 0x00007ff6adca1000 	C:\Program Files\Android\Android Studio\jre\bin\java.exe
0x00007ffadda90000 - 0x00007ffaddc85000 	C:\WINDOWS\SYSTEM32\ntdll.dll
0x00007ffadc8e0000 - 0x00007ffadc99d000 	C:\WINDOWS\System32\KERNEL32.DLL
0x00007ffadb200000 - 0x00007ffadb4c8000 	C:\WINDOWS\System32\KERNELBASE.dll
0x00007ffadcad0000 - 0x00007ffadcb7c000 	C:\WINDOWS\System32\ADVAPI32.dll
0x00007ffadccb0000 - 0x00007ffadcd4e000 	C:\WINDOWS\System32\msvcrt.dll
0x00007ffadc230000 - 0x00007ffadc2cb000 	C:\WINDOWS\System32\sechost.dll
0x00007ffadc2f0000 - 0x00007ffadc41b000 	C:\WINDOWS\System32\RPCRT4.dll
0x00007ffadcd50000 - 0x00007ffadcef0000 	C:\WINDOWS\System32\USER32.dll
0x00007ffadb1d0000 - 0x00007ffadb1f2000 	C:\WINDOWS\System32\win32u.dll
0x00007ffadc1f0000 - 0x00007ffadc21a000 	C:\WINDOWS\System32\GDI32.dll
0x00007ffadb4d0000 - 0x00007ffadb5db000 	C:\WINDOWS\System32\gdi32full.dll
0x00007ffadb730000 - 0x00007ffadb7cd000 	C:\WINDOWS\System32\msvcp_win.dll
0x00007ffadb5e0000 - 0x00007ffadb6e0000 	C:\WINDOWS\System32\ucrtbase.dll
0x00007ffac7890000 - 0x00007ffac7b2a000 	C:\WINDOWS\WinSxS\amd64_microsoft.windows.common-controls_6595b64144ccf1df_6.0.19041.844_none_ca00b6081b84eb1d\COMCTL32.dll
0x00007ffadc8b0000 - 0x00007ffadc8e0000 	C:\WINDOWS\System32\IMM32.DLL
0x0000000054f10000 - 0x0000000054fe2000 	C:\Program Files\Android\Android Studio\jre\jre\bin\msvcr100.dll
0x0000000055940000 - 0x000000005618b000 	C:\Program Files\Android\Android Studio\jre\jre\bin\server\jvm.dll
0x00007ffadcef0000 - 0x00007ffadcef8000 	C:\WINDOWS\System32\PSAPI.DLL
0x00007ffac5700000 - 0x00007ffac5709000 	C:\WINDOWS\SYSTEM32\WSOCK32.dll
0x00007ffadc840000 - 0x00007ffadc8ab000 	C:\WINDOWS\System32\WS2_32.dll
0x00007ffad3d10000 - 0x00007ffad3d1a000 	C:\WINDOWS\SYSTEM32\VERSION.dll
0x00007ffacd270000 - 0x00007ffacd297000 	C:\WINDOWS\SYSTEM32\WINMM.dll
0x00007ffad5720000 - 0x00007ffad572f000 	C:\Program Files\Android\Android Studio\jre\jre\bin\verify.dll
0x00007ffad51f0000 - 0x00007ffad5219000 	C:\Program Files\Android\Android Studio\jre\jre\bin\java.dll
0x00007ffad3ab0000 - 0x00007ffad3ac6000 	C:\Program Files\Android\Android Studio\jre\jre\bin\zip.dll
0x00007ffadcf00000 - 0x00007ffadd642000 	C:\WINDOWS\System32\SHELL32.dll
0x00007ffad9320000 - 0x00007ffad9ab0000 	C:\WINDOWS\SYSTEM32\windows.storage.dll
0x00007ffadc420000 - 0x00007ffadc775000 	C:\WINDOWS\System32\combase.dll
0x00007ffadac40000 - 0x00007ffadac6c000 	C:\WINDOWS\SYSTEM32\Wldp.dll
0x00007ffadbb80000 - 0x00007ffadbc2e000 	C:\WINDOWS\System32\SHCORE.dll
0x00007ffadbc40000 - 0x00007ffadbc95000 	C:\WINDOWS\System32\shlwapi.dll
0x00007ffadb110000 - 0x00007ffadb12f000 	C:\WINDOWS\SYSTEM32\profapi.dll
0x00007ffad3a90000 - 0x00007ffad3aaa000 	C:\Program Files\Android\Android Studio\jre\jre\bin\net.dll
0x00007ffada9b0000 - 0x00007ffadaa1a000 	C:\WINDOWS\system32\mswsock.dll
0x00007ffad3a70000 - 0x00007ffad3a83000 	C:\Program Files\Android\Android Studio\jre\jre\bin\nio.dll
0x00007fface910000 - 0x00007fface937000 	C:\Users\korisnik\.gradle\native\f6784746aeab05261644944871eae4fe03e0ef1612fff0a4a95f87b438bc6780\windows-amd64\native-platform.dll
0x00007ffad3700000 - 0x00007ffad370d000 	C:\Program Files\Android\Android Studio\jre\jre\bin\management.dll
0x00007ffadab90000 - 0x00007ffadaba8000 	C:\WINDOWS\SYSTEM32\CRYPTSP.dll
0x00007ffada2e0000 - 0x00007ffada314000 	C:\WINDOWS\system32\rsaenh.dll
0x00007ffadb990000 - 0x00007ffadb9b7000 	C:\WINDOWS\System32\bcrypt.dll
0x00007ffadb0d0000 - 0x00007ffadb0fe000 	C:\WINDOWS\SYSTEM32\USERENV.dll
0x00007ffadba70000 - 0x00007ffadbaf0000 	C:\WINDOWS\System32\bcryptprimitives.dll
0x00007ffadab80000 - 0x00007ffadab8c000 	C:\WINDOWS\SYSTEM32\CRYPTBASE.dll
0x00007ffada650000 - 0x00007ffada68b000 	C:\WINDOWS\SYSTEM32\IPHLPAPI.DLL
0x00007ffadbc30000 - 0x00007ffadbc38000 	C:\WINDOWS\System32\NSI.dll
0x00007ffad26c0000 - 0x00007ffad26d7000 	C:\WINDOWS\SYSTEM32\dhcpcsvc6.DLL
0x00007ffad3100000 - 0x00007ffad311d000 	C:\WINDOWS\SYSTEM32\dhcpcsvc.DLL
0x00007ffada690000 - 0x00007ffada75c000 	C:\WINDOWS\SYSTEM32\DNSAPI.dll
0x00007ffad3140000 - 0x00007ffad314b000 	C:\WINDOWS\SYSTEM32\WINNSI.DLL

VM Arguments:
jvm_args: -Xmx2048m -Dfile.encoding=UTF-8 -Duser.country=US -Duser.language=en -Duser.variant 
java_command: org.gradle.launcher.daemon.bootstrap.GradleDaemon 6.5
java_class_path (initial): C:\Users\korisnik\.gradle\wrapper\dists\gradle-6.5-all\2oz4ud9k3tuxjg84bbf55q0tn\gradle-6.5\lib\gradle-launcher-6.5.jar
Launcher Type: SUN_STANDARD

Environment Variables:
PATH=C:\Program Files\Common Files\Oracle\Java\javapath;C:\Program Files (x86)\Common Files\Oracle\Java\javapath;C:\ProgramData\Anaconda3;C:\ProgramData\Anaconda3\Library\mingw-w64\bin;C:\ProgramData\Anaconda3\Library\usr\bin;C:\ProgramData\Anaconda3\Library\bin;C:\ProgramData\Anaconda3\Scripts;C:\ProgramData\Oracle\Java\javapath;C:\WINDOWS\system32;C:\WINDOWS;C:\WINDOWS\System32\Wbem;C:\WINDOWS\System32\WindowsPowerShell\v1.0\;C:\Program Files\Microsoft SQL Server\130\Tools\Binn\;C:\Program Files\Microsoft SQL Server\Client SDK\ODBC\170\Tools\Binn\;C:\WINDOWS\System32\OpenSSH\;C:\Program Files\dotnet\;C:\Program Files\nodejs\;C:\Program Files\Git\cmd;C:\Program Files\Java\jdk-12.0.2\bin;C:\Program Files\Java\jdk-16\bin;C:\Program Files\Java\jdk1.8.0_111\bin;C:\Users\korisnik\AppData\Local\Programs\Python\Python38-32\Scripts\;C:\Users\korisnik\AppData\Local\Programs\Python\Python38-32\;C:\Users\korisnik\AppData\Local\Microsoft\WindowsApps;C:\Program Files\JetBrains\PyCharm Community Edition 2019.3.2\bin;;C:\Users\korisnik\AppData\Local\Programs\Microsoft VS Code\bin;C:\Users\korisnik\AppData\Roaming\npm;C:\Program Files\JetBrains\IntelliJ IDEA Community Edition 2020.3.2\bin;;C:\Program Files\JetBrains\IntelliJ IDEA 2020.3.2\bin;;C:\xampp\mysql\bin;
USERNAME=korisnik
OS=Windows_NT
PROCESSOR_IDENTIFIER=Intel64 Family 6 Model 94 Stepping 3, GenuineIntel



---------------  S Y S T E M  ---------------

OS: Windows 10.0 , 64 bit Build 19041 (10.0.19041.928)

CPU:total 8 (initial active 8) (4 cores per cpu, 2 threads per core) family 6 model 94 stepping 3, cmov, cx8, fxsr, mmx, sse, sse2, sse3, ssse3, sse4.1, sse4.2, popcnt, avx, avx2, aes, clmul, erms, rtm, 3dnowpref, lzcnt, ht, tsc, tscinvbit, bmi1, bmi2, adx

Memory: 4k page, physical 8284696k(244688k free), swap 23775820k(6140k free)

vm_info: OpenJDK 64-Bit Server VM (25.242-b01) for windows-amd64 JRE (1.8.0_242-release-1644-b01), built by "builder" with MS VC++ 10.0 (VS2010)

time: Sun Jun 13 22:19:13 2021
timezone: Central Europe Daylight Time
elapsed time: 17 seconds (0d 0h 0m 17s)

